This is pdfTeX, Version 3.14159265-2.6-1.40.19 (TeX Live 2018) (preloaded format=pdflatex 2018.10.29)  28 NOV 2019 16:03
entering extended mode
 restricted \write18 enabled.
 %&-line parsing enabled.
**Report.tex
(./Report.tex
LaTeX2e <2018-04-01> patch level 2
Babel <3.18> and hyphenation patterns for 84 language(s) loaded.
(/usr/local/texlive/2018/texmf-dist/tex/latex/base/article.cls
Document Class: article 2014/09/29 v1.4h Standard LaTeX document class
(/usr/local/texlive/2018/texmf-dist/tex/latex/base/size12.clo
File: size12.clo 2014/09/29 v1.4h Standard LaTeX file (size option)
)
\c@part=\count80
\c@section=\count81
\c@subsection=\count82
\c@subsubsection=\count83
\c@paragraph=\count84
\c@subparagraph=\count85
\c@figure=\count86
\c@table=\count87
\abovecaptionskip=\skip41
\belowcaptionskip=\skip42
\bibindent=\dimen102
)
(/usr/local/texlive/2018/texmf-dist/tex/latex/preprint/fullpage.sty
Package: fullpage 1999/02/23 1.1 (PWD)
\FP@margin=\skip43
)
(/usr/local/texlive/2018/texmf-dist/tex/latex/graphics/graphicx.sty
Package: graphicx 2017/06/01 v1.1a Enhanced LaTeX Graphics (DPC,SPQR)

(/usr/local/texlive/2018/texmf-dist/tex/latex/graphics/keyval.sty
Package: keyval 2014/10/28 v1.15 key=value parser (DPC)
\KV@toks@=\toks14
)
(/usr/local/texlive/2018/texmf-dist/tex/latex/graphics/graphics.sty
Package: graphics 2017/06/25 v1.2c Standard LaTeX Graphics (DPC,SPQR)

(/usr/local/texlive/2018/texmf-dist/tex/latex/graphics/trig.sty
Package: trig 2016/01/03 v1.10 sin cos tan (DPC)
)
(/usr/local/texlive/2018/texmf-dist/tex/latex/graphics-cfg/graphics.cfg
File: graphics.cfg 2016/06/04 v1.11 sample graphics configuration
)
Package graphics Info: Driver file: pdftex.def on input line 99.

(/usr/local/texlive/2018/texmf-dist/tex/latex/graphics-def/pdftex.def
File: pdftex.def 2018/01/08 v1.0l Graphics/color driver for pdftex
))
\Gin@req@height=\dimen103
\Gin@req@width=\dimen104
)
(/usr/local/texlive/2018/texmf-dist/tex/latex/biblatex/biblatex.sty
Package: biblatex 2018/03/04 v3.11 programmable bibliographies (PK/MW)

(/usr/local/texlive/2018/texmf-dist/tex/generic/oberdiek/pdftexcmds.sty
Package: pdftexcmds 2018/01/30 v0.27 Utility functions of pdfTeX for LuaTeX (HO
)

(/usr/local/texlive/2018/texmf-dist/tex/generic/oberdiek/infwarerr.sty
Package: infwarerr 2016/05/16 v1.4 Providing info/warning/error messages (HO)
)
(/usr/local/texlive/2018/texmf-dist/tex/generic/oberdiek/ifluatex.sty
Package: ifluatex 2016/05/16 v1.4 Provides the ifluatex switch (HO)
Package ifluatex Info: LuaTeX not detected.
)
(/usr/local/texlive/2018/texmf-dist/tex/generic/oberdiek/ltxcmds.sty
Package: ltxcmds 2016/05/16 v1.23 LaTeX kernel commands for general use (HO)
)
(/usr/local/texlive/2018/texmf-dist/tex/generic/oberdiek/ifpdf.sty
Package: ifpdf 2017/03/15 v3.2 Provides the ifpdf switch
)
Package pdftexcmds Info: LuaTeX not detected.
Package pdftexcmds Info: \pdf@primitive is available.
Package pdftexcmds Info: \pdf@ifprimitive is available.
Package pdftexcmds Info: \pdfdraftmode found.
)
(/usr/local/texlive/2018/texmf-dist/tex/latex/etoolbox/etoolbox.sty
Package: etoolbox 2018/02/11 v2.5e e-TeX tools for LaTeX (JAW)
\etb@tempcnta=\count88
)
(/usr/local/texlive/2018/texmf-dist/tex/latex/oberdiek/kvoptions.sty
Package: kvoptions 2016/05/16 v3.12 Key value format for package options (HO)

(/usr/local/texlive/2018/texmf-dist/tex/generic/oberdiek/kvsetkeys.sty
Package: kvsetkeys 2016/05/16 v1.17 Key value parser (HO)

(/usr/local/texlive/2018/texmf-dist/tex/generic/oberdiek/etexcmds.sty
Package: etexcmds 2016/05/16 v1.6 Avoid name clashes with e-TeX commands (HO)
Package etexcmds Info: Could not find \expanded.
(etexcmds)             That can mean that you are not using pdfTeX 1.50 or
(etexcmds)             that some package has redefined \expanded.
(etexcmds)             In the latter case, load this package earlier.
)))
(/usr/local/texlive/2018/texmf-dist/tex/latex/logreq/logreq.sty
Package: logreq 2010/08/04 v1.0 xml request logger
\lrq@indent=\count89

(/usr/local/texlive/2018/texmf-dist/tex/latex/logreq/logreq.def
File: logreq.def 2010/08/04 v1.0 logreq spec v1.0
))
(/usr/local/texlive/2018/texmf-dist/tex/latex/base/ifthen.sty
Package: ifthen 2014/09/29 v1.1c Standard LaTeX ifthen package (DPC)
)
(/usr/local/texlive/2018/texmf-dist/tex/latex/url/url.sty
\Urlmuskip=\muskip10
Package: url 2013/09/16  ver 3.4  Verb mode for urls, etc.
)
(/usr/local/texlive/2018/texmf-dist/tex/generic/xstring/xstring.sty
(/usr/local/texlive/2018/texmf-dist/tex/generic/xstring/xstring.tex
\@xs@message=\write3
\integerpart=\count90
\decimalpart=\count91
)
Package: xstring 2013/10/13  v1.7c  String manipulations (C Tellechea)
)
\c@tabx@nest=\count92
\c@listtotal=\count93
\c@listcount=\count94
\c@liststart=\count95
\c@liststop=\count96
\c@citecount=\count97
\c@citetotal=\count98
\c@multicitecount=\count99
\c@multicitetotal=\count100
\c@instcount=\count101
\c@maxnames=\count102
\c@minnames=\count103
\c@maxitems=\count104
\c@minitems=\count105
\c@citecounter=\count106
\c@savedcitecounter=\count107
\c@uniquelist=\count108
\c@uniquename=\count109
\c@refsection=\count110
\c@refsegment=\count111
\c@maxextratitle=\count112
\c@maxextratitleyear=\count113
\c@maxextradate=\count114
\c@maxextraalpha=\count115
\c@abbrvpenalty=\count116
\c@highnamepenalty=\count117
\c@lownamepenalty=\count118
\c@maxparens=\count119
\c@parenlevel=\count120
\blx@tempcnta=\count121
\blx@tempcntb=\count122
\blx@tempcntc=\count123
\blx@maxsection=\count124
\blx@maxsegment@0=\count125
\blx@notetype=\count126
\blx@parenlevel@text=\count127
\blx@parenlevel@foot=\count128
\blx@sectionciteorder@0=\count129
\labelnumberwidth=\skip44
\labelalphawidth=\skip45
\biblabelsep=\skip46
\bibitemsep=\skip47
\bibnamesep=\skip48
\bibinitsep=\skip49
\bibparsep=\skip50
\bibhang=\skip51
\blx@bcfin=\read1
\blx@bcfout=\write4
\c@mincomprange=\count130
\c@maxcomprange=\count131
\c@mincompwidth=\count132
Package biblatex Info: Trying to load biblatex default data model...
Package biblatex Info: ... file 'blx-dm.def' found.

(/usr/local/texlive/2018/texmf-dist/tex/latex/biblatex/blx-dm.def
File: blx-dm.def 2018/03/04 v3.11 biblatex localization (PK/MW)
)
Package biblatex Info: Trying to load biblatex style data model...
Package biblatex Info: ... file 'nature.dbx' not found.
Package biblatex Info: Trying to load biblatex custom data model...
Package biblatex Info: ... file 'biblatex-dm.cfg' not found.
\c@afterword=\count133
\c@savedafterword=\count134
\c@annotator=\count135
\c@savedannotator=\count136
\c@author=\count137
\c@savedauthor=\count138
\c@bookauthor=\count139
\c@savedbookauthor=\count140
\c@commentator=\count141
\c@savedcommentator=\count142
\c@editor=\count143
\c@savededitor=\count144
\c@editora=\count145
\c@savededitora=\count146
\c@editorb=\count147
\c@savededitorb=\count148
\c@editorc=\count149
\c@savededitorc=\count150
\c@foreword=\count151
\c@savedforeword=\count152
\c@holder=\count153
\c@savedholder=\count154
\c@introduction=\count155
\c@savedintroduction=\count156
\c@namea=\count157
\c@savednamea=\count158
\c@nameb=\count159
\c@savednameb=\count160
\c@namec=\count161
\c@savednamec=\count162
\c@translator=\count163
\c@savedtranslator=\count164
\c@shortauthor=\count165
\c@savedshortauthor=\count166
\c@shorteditor=\count167
\c@savedshorteditor=\count168
\c@labelname=\count169
\c@savedlabelname=\count170
\c@institution=\count171
\c@savedinstitution=\count172
\c@lista=\count173
\c@savedlista=\count174
\c@listb=\count175
\c@savedlistb=\count176
\c@listc=\count177
\c@savedlistc=\count178
\c@listd=\count179
\c@savedlistd=\count180
\c@liste=\count181
\c@savedliste=\count182
\c@listf=\count183
\c@savedlistf=\count184
\c@location=\count185
\c@savedlocation=\count186
\c@organization=\count187
\c@savedorganization=\count188
\c@origlocation=\count189
\c@savedoriglocation=\count190
\c@origpublisher=\count191
\c@savedorigpublisher=\count192
\c@publisher=\count193
\c@savedpublisher=\count194
\c@language=\count195
\c@savedlanguage=\count196
\c@origlanguage=\count197
\c@savedoriglanguage=\count198
\c@pageref=\count199
\c@savedpageref=\count266
\shorthandwidth=\skip52
\shortjournalwidth=\skip53
\shortserieswidth=\skip54
\shorttitlewidth=\skip55
\shortauthorwidth=\skip56
\shorteditorwidth=\skip57
\locallabelnumberwidth=\skip58
\locallabelalphawidth=\skip59
\localshorthandwidth=\skip60
\localshortjournalwidth=\skip61
\localshortserieswidth=\skip62
\localshorttitlewidth=\skip63
\localshortauthorwidth=\skip64
\localshorteditorwidth=\skip65
Package biblatex Info: Trying to load compatibility code...
Package biblatex Info: ... file 'blx-compat.def' found.

(/usr/local/texlive/2018/texmf-dist/tex/latex/biblatex/blx-compat.def
File: blx-compat.def 2018/03/04 v3.11 biblatex compatibility (PK/MW)
)
Package biblatex Info: Trying to load generic definitions...
Package biblatex Info: ... file 'biblatex.def' found.

(/usr/local/texlive/2018/texmf-dist/tex/latex/biblatex/biblatex.def
File: biblatex.def 2018/03/04 v3.11 biblatex compatibility (PK/MW)
\c@textcitecount=\count267
\c@textcitetotal=\count268
\c@textcitemaxnames=\count269
\c@biburlnumpenalty=\count270
\c@biburlucpenalty=\count271
\c@biburllcpenalty=\count272
\c@smartand=\count273
)
Package biblatex Info: Trying to load bibliography style 'nature'...
Package biblatex Info: ... file 'nature.bbx' found.

(/usr/local/texlive/2018/texmf-dist/tex/latex/biblatex-nature/nature.bbx
File: nature.bbx 2017/03/01 v1.3b biblatex bibliography style
Package biblatex Info: Trying to load bibliography style 'numeric-comp'...
Package biblatex Info: ... file 'numeric-comp.bbx' found.

(/usr/local/texlive/2018/texmf-dist/tex/latex/biblatex/bbx/numeric-comp.bbx
File: numeric-comp.bbx 2018/03/04 v3.11 biblatex bibliography style (PK/MW)
Package biblatex Info: Trying to load bibliography style 'numeric'...
Package biblatex Info: ... file 'numeric.bbx' found.

(/usr/local/texlive/2018/texmf-dist/tex/latex/biblatex/bbx/numeric.bbx
File: numeric.bbx 2018/03/04 v3.11 biblatex bibliography style (PK/MW)
Package biblatex Info: Trying to load bibliography style 'standard'...
Package biblatex Info: ... file 'standard.bbx' found.

(/usr/local/texlive/2018/texmf-dist/tex/latex/biblatex/bbx/standard.bbx
File: standard.bbx 2018/03/04 v3.11 biblatex bibliography style (PK/MW)
\c@bbx:relatedcount=\count274
\c@bbx:relatedtotal=\count275
))))
Package biblatex Info: Trying to load citation style 'nature'...
Package biblatex Info: ... file 'nature.cbx' found.

(/usr/local/texlive/2018/texmf-dist/tex/latex/biblatex-nature/nature.cbx
File: nature.cbx 2017/03/01 v1.3b biblatex citation style
Package biblatex Info: Trying to load citation style 'numeric-comp'...
Package biblatex Info: ... file 'numeric-comp.cbx' found.

(/usr/local/texlive/2018/texmf-dist/tex/latex/biblatex/cbx/numeric-comp.cbx
File: numeric-comp.cbx 2018/03/04 v3.11 biblatex citation style (PK/MW)
\c@cbx@tempcnta=\count276
\c@cbx@tempcntb=\count277
Package biblatex Info: Redefining '\cite'.
Package biblatex Info: Redefining '\parencite'.
Package biblatex Info: Redefining '\footcite'.
Package biblatex Info: Redefining '\footcitetext'.
Package biblatex Info: Redefining '\smartcite'.
Package biblatex Info: Redefining '\supercite'.
Package biblatex Info: Redefining '\textcite'.
Package biblatex Info: Redefining '\textcites'.
Package biblatex Info: Redefining '\cites'.
Package biblatex Info: Redefining '\parencites'.
Package biblatex Info: Redefining '\smartcites'.
))
Package biblatex Info: Trying to load configuration file...
Package biblatex Info: ... file 'biblatex.cfg' found.

(/usr/local/texlive/2018/texmf-dist/tex/latex/biblatex/biblatex.cfg
File: biblatex.cfg 
))
(/usr/local/texlive/2018/texmf-dist/tex/latex/caption/subcaption.sty
Package: subcaption 2016/05/22 v1.1-161 Sub-captions (AR)

(/usr/local/texlive/2018/texmf-dist/tex/latex/caption/caption.sty
Package: caption 2016/02/21 v3.3-144 Customizing captions (AR)

(/usr/local/texlive/2018/texmf-dist/tex/latex/caption/caption3.sty
Package: caption3 2016/05/22 v1.7-166 caption3 kernel (AR)
Package caption3 Info: TeX engine: e-TeX on input line 67.
\captionmargin=\dimen105
\captionmargin@=\dimen106
\captionwidth=\dimen107
\caption@tempdima=\dimen108
\caption@indent=\dimen109
\caption@parindent=\dimen110
\caption@hangindent=\dimen111
)
\c@ContinuedFloat=\count278
)
\c@subfigure=\count279
\c@subtable=\count280
)
(/usr/local/texlive/2018/texmf-dist/tex/latex/listings/listings.sty
\lst@mode=\count281
\lst@gtempboxa=\box26
\lst@token=\toks15
\lst@length=\count282
\lst@currlwidth=\dimen112
\lst@column=\count283
\lst@pos=\count284
\lst@lostspace=\dimen113
\lst@width=\dimen114
\lst@newlines=\count285
\lst@lineno=\count286
\lst@maxwidth=\dimen115

(/usr/local/texlive/2018/texmf-dist/tex/latex/listings/lstmisc.sty
File: lstmisc.sty 2015/06/04 1.6 (Carsten Heinz)
\c@lstnumber=\count287
\lst@skipnumbers=\count288
\lst@framebox=\box27
)
(/usr/local/texlive/2018/texmf-dist/tex/latex/listings/listings.cfg
File: listings.cfg 2015/06/04 1.6 listings configuration
))
Package: listings 2015/06/04 1.6 (Carsten Heinz)

(/usr/local/texlive/2018/texmf-dist/tex/latex/graphics/color.sty
Package: color 2016/07/10 v1.1e Standard LaTeX Color (DPC)

(/usr/local/texlive/2018/texmf-dist/tex/latex/graphics-cfg/color.cfg
File: color.cfg 2016/01/02 v1.6 sample color configuration
)
Package color Info: Driver file: pdftex.def on input line 147.
)
(/usr/local/texlive/2018/texmf-dist/tex/latex/siunitx/siunitx.sty
(/usr/local/texlive/2018/texmf-dist/tex/latex/l3kernel/expl3.sty
Package: expl3 2018/03/05 L3 programming layer (loader) 

(/usr/local/texlive/2018/texmf-dist/tex/latex/l3kernel/expl3-code.tex
Package: expl3 2018/03/05 L3 programming layer (code)
\c_max_int=\count289
\l_tmpa_int=\count290
\l_tmpb_int=\count291
\g_tmpa_int=\count292
\g_tmpb_int=\count293
\g__intarray_font_int=\count294
\g__prg_map_int=\count295
\c_log_iow=\count296
\l_iow_line_count_int=\count297
\l__iow_line_target_int=\count298
\l__iow_one_indent_int=\count299
\l__iow_indent_int=\count300
\c_zero_dim=\dimen116
\c_max_dim=\dimen117
\l_tmpa_dim=\dimen118
\l_tmpb_dim=\dimen119
\g_tmpa_dim=\dimen120
\g_tmpb_dim=\dimen121
\c_zero_skip=\skip66
\c_max_skip=\skip67
\l_tmpa_skip=\skip68
\l_tmpb_skip=\skip69
\g_tmpa_skip=\skip70
\g_tmpb_skip=\skip71
\c_zero_muskip=\muskip11
\c_max_muskip=\muskip12
\l_tmpa_muskip=\muskip13
\l_tmpb_muskip=\muskip14
\g_tmpa_muskip=\muskip15
\g_tmpb_muskip=\muskip16
\l_keys_choice_int=\count301
\c__fp_leading_shift_int=\count302
\c__fp_middle_shift_int=\count303
\c__fp_trailing_shift_int=\count304
\c__fp_big_leading_shift_int=\count305
\c__fp_big_middle_shift_int=\count306
\c__fp_big_trailing_shift_int=\count307
\c__fp_Bigg_leading_shift_int=\count308
\c__fp_Bigg_middle_shift_int=\count309
\c__fp_Bigg_trailing_shift_int=\count310
\c__fp_rand_size_int=\count311
\c__fp_rand_four_int=\count312
\c__fp_rand_eight_int=\count313
\l__sort_length_int=\count314
\l__sort_min_int=\count315
\l__sort_top_int=\count316
\l__sort_max_int=\count317
\l__sort_true_max_int=\count318
\l__sort_block_int=\count319
\l__sort_begin_int=\count320
\l__sort_end_int=\count321
\l__sort_A_int=\count322
\l__sort_B_int=\count323
\l__sort_C_int=\count324
\l__tl_build_start_index_int=\count325
\l__tl_build_index_int=\count326
\l__tl_analysis_normal_int=\count327
\l__tl_analysis_index_int=\count328
\l__tl_analysis_nesting_int=\count329
\l__tl_analysis_type_int=\count330
\l__regex_internal_a_int=\count331
\l__regex_internal_b_int=\count332
\l__regex_internal_c_int=\count333
\l__regex_balance_int=\count334
\l__regex_group_level_int=\count335
\l__regex_mode_int=\count336
\c__regex_cs_in_class_mode_int=\count337
\c__regex_cs_mode_int=\count338
\l__regex_catcodes_int=\count339
\l__regex_default_catcodes_int=\count340
\c__regex_catcode_D_int=\count341
\c__regex_catcode_S_int=\count342
\c__regex_catcode_L_int=\count343
\c__regex_catcode_O_int=\count344
\c__regex_catcode_A_int=\count345
\c__regex_all_catcodes_int=\count346
\l__regex_show_lines_int=\count347
\l__regex_min_state_int=\count348
\l__regex_max_state_int=\count349
\l__regex_left_state_int=\count350
\l__regex_right_state_int=\count351
\l__regex_capturing_group_int=\count352
\l__regex_min_pos_int=\count353
\l__regex_max_pos_int=\count354
\l__regex_curr_pos_int=\count355
\l__regex_start_pos_int=\count356
\l__regex_success_pos_int=\count357
\l__regex_curr_char_int=\count358
\l__regex_curr_catcode_int=\count359
\l__regex_last_char_int=\count360
\l__regex_case_changed_char_int=\count361
\l__regex_curr_state_int=\count362
\l__regex_step_int=\count363
\l__regex_min_active_int=\count364
\l__regex_max_active_int=\count365
\l__regex_replacement_csnames_int=\count366
\l__regex_match_count_int=\count367
\l__regex_min_submatch_int=\count368
\l__regex_submatch_int=\count369
\l__regex_zeroth_submatch_int=\count370
\g__regex_trace_regex_int=\count371
\c_empty_box=\box28
\l_tmpa_box=\box29
\l_tmpb_box=\box30
\g_tmpa_box=\box31
\g_tmpb_box=\box32
\l__box_top_dim=\dimen122
\l__box_bottom_dim=\dimen123
\l__box_left_dim=\dimen124
\l__box_right_dim=\dimen125
\l__box_top_new_dim=\dimen126
\l__box_bottom_new_dim=\dimen127
\l__box_left_new_dim=\dimen128
\l__box_right_new_dim=\dimen129
\l__box_internal_box=\box33
\l__coffin_internal_box=\box34
\l__coffin_internal_dim=\dimen130
\l__coffin_offset_x_dim=\dimen131
\l__coffin_offset_y_dim=\dimen132
\l__coffin_x_dim=\dimen133
\l__coffin_y_dim=\dimen134
\l__coffin_x_prime_dim=\dimen135
\l__coffin_y_prime_dim=\dimen136
\c_empty_coffin=\box35
\l__coffin_aligned_coffin=\box36
\l__coffin_aligned_internal_coffin=\box37
\l_tmpa_coffin=\box38
\l_tmpb_coffin=\box39
\l__coffin_display_coffin=\box40
\l__coffin_display_coord_coffin=\box41
\l__coffin_display_pole_coffin=\box42
\l__coffin_display_offset_dim=\dimen137
\l__coffin_display_x_dim=\dimen138
\l__coffin_display_y_dim=\dimen139
\l__coffin_bounding_shift_dim=\dimen140
\l__coffin_left_corner_dim=\dimen141
\l__coffin_right_corner_dim=\dimen142
\l__coffin_bottom_corner_dim=\dimen143
\l__coffin_top_corner_dim=\dimen144
\l__coffin_scaled_total_height_dim=\dimen145
\l__coffin_scaled_width_dim=\dimen146
)
(/usr/local/texlive/2018/texmf-dist/tex/latex/l3kernel/l3pdfmode.def
File: l3pdfmode.def 2017/03/18 v L3 Experimental driver: PDF mode
\l__driver_color_stack_int=\count372
))
(/usr/local/texlive/2018/texmf-dist/tex/latex/l3packages/xparse/xparse.sty
Package: xparse 2018/02/21 L3 Experimental document command parser
\l__xparse_current_arg_int=\count373
\g__xparse_grabber_int=\count374
\l__xparse_m_args_int=\count375
\l__xparse_mandatory_args_int=\count376
\l__xparse_v_nesting_int=\count377
)
Package: siunitx 2018-03-20 v2.7m A comprehensive (SI) units package

(/usr/local/texlive/2018/texmf-dist/tex/latex/amsmath/amstext.sty
Package: amstext 2000/06/29 v2.01 AMS text

(/usr/local/texlive/2018/texmf-dist/tex/latex/amsmath/amsgen.sty
File: amsgen.sty 1999/11/30 v2.0 generic functions
\@emptytoks=\toks16
\ex@=\dimen147
))
(/usr/local/texlive/2018/texmf-dist/tex/latex/tools/array.sty
Package: array 2018/04/07 v2.4g Tabular extension package (FMi)
\col@sep=\dimen148
\ar@mcellbox=\box43
\extrarowheight=\dimen149
\NC@list=\toks17
\extratabsurround=\skip72
\backup@length=\skip73
\ar@cellbox=\box44
)
(/usr/local/texlive/2018/texmf-dist/tex/latex/l3packages/l3keys2e/l3keys2e.sty
Package: l3keys2e 2018/02/21 LaTeX2e option processing using LaTeX3 keys
)
\l__siunitx_tmp_box=\box45
\l__siunitx_tmp_dim=\dimen150
\l__siunitx_tmp_int=\count378
\l__siunitx_number_mantissa_length_int=\count379
\l__siunitx_number_uncert_length_int=\count380
\l__siunitx_round_int=\count381
\l__siunitx_process_decimal_int=\count382
\l__siunitx_process_uncertainty_int=\count383
\l__siunitx_process_fixed_int=\count384
\l__siunitx_process_integer_min_int=\count385
\l__siunitx_process_precision_int=\count386
\l__siunitx_group_min_int=\count387
\l__siunitx_angle_marker_box=\box46
\l__siunitx_angle_unit_box=\box47
\l__siunitx_angle_marker_dim=\dimen151
\l__siunitx_angle_unit_dim=\dimen152
\l__siunitx_unit_int=\count388
\l__siunitx_unit_denominator_int=\count389
\l__siunitx_unit_numerator_int=\count390
\l__siunitx_unit_prefix_int=\count391
\l__siunitx_unit_prefix_base_int=\count392
\l__siunitx_unit_prefix_gram_int=\count393
\l__siunitx_number_product_int=\count394
\c__siunitx_one_fill_skip=\skip74
\l__siunitx_table_unit_align_skip=\skip75
\l__siunitx_table_exponent_dim=\dimen153
\l__siunitx_table_integer_dim=\dimen154
\l__siunitx_table_mantissa_dim=\dimen155
\l__siunitx_table_marker_dim=\dimen156
\l__siunitx_table_result_dim=\dimen157
\l__siunitx_table_uncert_dim=\dimen158
\l__siunitx_table_fill_pre_dim=\dimen159
\l__siunitx_table_fill_post_dim=\dimen160
\l__siunitx_table_fill_mid_dim=\dimen161
\l__siunitx_table_pre_box=\box48
\l__siunitx_table_post_box=\box49
\l__siunitx_table_mantissa_box=\box50
\l__siunitx_table_result_box=\box51
\l__siunitx_table_number_align_skip=\skip76
\l__siunitx_table_text_align_skip=\skip77
.................................................
. LaTeX info: "xparse/define-command"
. 
. Defining command \DeclareBinaryPrefix with sig. 'mmm' on line 7244.
.................................................
.................................................
. LaTeX info: "xparse/define-command"
. 
. Defining command \DeclareSIPostPower with sig. 'mm' on line 7247.
.................................................
.................................................
. LaTeX info: "xparse/define-command"
. 
. Defining command \DeclareSIPrefix with sig. 'mmm' on line 7250.
.................................................
.................................................
. LaTeX info: "xparse/define-command"
. 
. Defining command \DeclareSIPrePower with sig. 'mm' on line 7253.
.................................................
.................................................
. LaTeX info: "xparse/define-command"
. 
. Defining command \DeclareSIQualifier with sig. 'mm' on line 7256.
.................................................
.................................................
. LaTeX info: "xparse/define-command"
. 
. Defining command \DeclareSIUnit with sig. 'O{}mm' on line 7259.
.................................................
.................................................
. LaTeX info: "xparse/define-command"
. 
. Defining command \DeclareSIUnitWithOptions with sig. 'mmm' on line 7262.
.................................................
.................................................
. LaTeX info: "xparse/define-command"
. 
. Defining command \ang with sig. 'o>{\SplitArgument {2}{;}}m' on line 7277.
.................................................
.................................................
. LaTeX info: "xparse/define-command"
. 
. Defining command \num with sig. 'om' on line 7286.
.................................................
.................................................
. LaTeX info: "xparse/define-command"
. 
. Defining command \numlist with sig. 'o>{\SplitList {;}}m' on line 7295.
.................................................
.................................................
. LaTeX info: "xparse/define-command"
. 
. Defining command \numrange with sig. 'omm' on line 7304.
.................................................
.................................................
. LaTeX info: "xparse/define-command"
. 
. Defining command \SIlist with sig. 'o>{\SplitList {;}}mm' on line 7316.
.................................................
.................................................
. LaTeX info: "xparse/define-command"
. 
. Defining command \SIrange with sig. 'ommm' on line 7328.
.................................................
.................................................
. LaTeX info: "xparse/define-command"
. 
. Defining command \SI with sig. 'omom' on line 7340.
.................................................
.................................................
. LaTeX info: "xparse/define-command"
. 
. Defining command \sisetup with sig. 'm' on line 7343.
.................................................
.................................................
. LaTeX info: "xparse/define-command"
. 
. Defining command \tablenum with sig. 'om' on line 7358.
.................................................
.................................................
. LaTeX info: "xparse/define-command"
. 
. Defining command \si with sig. 'om' on line 7370.
.................................................
.................................................
. LaTeX info: "xparse/define-command"
. 
. Defining command \numInBookmark with sig. 'om' on line 7417.
.................................................
.................................................
. LaTeX info: "xparse/define-command"
. 
. Defining command \numrangeInBookmark with sig. 'omm' on line 7419.
.................................................
.................................................
. LaTeX info: "xparse/define-command"
. 
. Defining command \SIInBookmark with sig. 'omom' on line 7421.
.................................................
.................................................
. LaTeX info: "xparse/define-command"
. 
. Defining command \SIlistInBookmark with sig. 'omm' on line 7423.
.................................................
.................................................
. LaTeX info: "xparse/define-command"
. 
. Defining command \SIrangeInBookmark with sig. 'ommm' on line 7425.
.................................................
.................................................
. LaTeX info: "xparse/define-command"
. 
. Defining command \siInBookmark with sig. 'om' on line 7426.
.................................................
\g__file_internal_ior=\read2
(/usr/local/texlive/2018/texmf-dist/tex/latex/translator/translator.sty
Package: translator 2018/01/04 v1.12 Easy translation of strings in LaTeX
))
Package biblatex Info: Trying to load language 'english'...
Package biblatex Info: ... file 'english.lbx' found.

(/usr/local/texlive/2018/texmf-dist/tex/latex/biblatex/lbx/english.lbx
File: english.lbx 2018/03/04 v3.11 biblatex localization (PK/MW)
)
\@quotelevel=\count395
\@quotereset=\count396

(./Report.aux)
\openout1 = `Report.aux'.

LaTeX Font Info:    Checking defaults for OML/cmm/m/it on input line 32.
LaTeX Font Info:    ... okay on input line 32.
LaTeX Font Info:    Checking defaults for T1/cmr/m/n on input line 32.
LaTeX Font Info:    ... okay on input line 32.
LaTeX Font Info:    Checking defaults for OT1/cmr/m/n on input line 32.
LaTeX Font Info:    ... okay on input line 32.
LaTeX Font Info:    Checking defaults for OMS/cmsy/m/n on input line 32.
LaTeX Font Info:    ... okay on input line 32.
LaTeX Font Info:    Checking defaults for OMX/cmex/m/n on input line 32.
LaTeX Font Info:    ... okay on input line 32.
LaTeX Font Info:    Checking defaults for U/cmr/m/n on input line 32.
LaTeX Font Info:    ... okay on input line 32.

(/usr/local/texlive/2018/texmf-dist/tex/context/base/mkii/supp-pdf.mkii
[Loading MPS to PDF converter (version 2006.09.02).]
\scratchcounter=\count397
\scratchdimen=\dimen162
\scratchbox=\box52
\nofMPsegments=\count398
\nofMParguments=\count399
\everyMPshowfont=\toks18
\MPscratchCnt=\count400
\MPscratchDim=\dimen163
\MPnumerator=\count401
\makeMPintoPDFobject=\count402
\everyMPtoPDFconversion=\toks19
) (/usr/local/texlive/2018/texmf-dist/tex/latex/oberdiek/epstopdf-base.sty
Package: epstopdf-base 2016/05/15 v2.6 Base part for package epstopdf

(/usr/local/texlive/2018/texmf-dist/tex/latex/oberdiek/grfext.sty
Package: grfext 2016/05/16 v1.2 Manage graphics extensions (HO)

(/usr/local/texlive/2018/texmf-dist/tex/generic/oberdiek/kvdefinekeys.sty
Package: kvdefinekeys 2016/05/16 v1.4 Define keys (HO)
))
Package epstopdf-base Info: Redefining graphics rule for `.eps' on input line 4
38.
Package grfext Info: Graphics extension search list:
(grfext)             [.pdf,.png,.jpg,.mps,.jpeg,.jbig2,.jb2,.PDF,.PNG,.JPG,.JPE
G,.JBIG2,.JB2,.eps]
(grfext)             \AppendGraphicsExtensions on input line 456.

(/usr/local/texlive/2018/texmf-dist/tex/latex/latexconfig/epstopdf-sys.cfg
File: epstopdf-sys.cfg 2010/07/13 v1.3 Configuration of (r)epstopdf for TeX Liv
e
))
Package biblatex Info: Input encoding 'utf8' detected.
Package biblatex Info: Automatic encoding selection.
(biblatex)             Assuming data encoding 'utf8'.
\openout4 = `Report.bcf'.

Package biblatex Info: Trying to load bibliographic data...
Package biblatex Info: ... file 'Report.bbl' found.

(./Report.bbl)
Package biblatex Info: Reference section=0 on input line 32.
Package biblatex Info: Reference segment=0 on input line 32.
Package caption Info: Begin \AtBeginDocument code.
Package caption Info: listings package is loaded.
Package caption Info: End \AtBeginDocument code.
\c@lstlisting=\count403
Now handling font encoding TS1 ...
... processing UTF-8 mapping file for font encoding TS1
 (/usr/local/texlive/2018/texmf-dist/tex/latex/base/ts1enc.dfu
File: ts1enc.dfu 2018/04/05 v1.2c UTF-8 support for inputenc
   defining Unicode char U+00A2 (decimal 162)
   defining Unicode char U+00A3 (decimal 163)
   defining Unicode char U+00A4 (decimal 164)
   defining Unicode char U+00A5 (decimal 165)
   defining Unicode char U+00A6 (decimal 166)
   defining Unicode char U+00A7 (decimal 167)
   defining Unicode char U+00A8 (decimal 168)
   defining Unicode char U+00A9 (decimal 169)
   defining Unicode char U+00AA (decimal 170)
   defining Unicode char U+00AC (decimal 172)
   defining Unicode char U+00AE (decimal 174)
   defining Unicode char U+00AF (decimal 175)
   defining Unicode char U+00B0 (decimal 176)
   defining Unicode char U+00B1 (decimal 177)
   defining Unicode char U+00B2 (decimal 178)
   defining Unicode char U+00B3 (decimal 179)
   defining Unicode char U+00B4 (decimal 180)
   defining Unicode char U+00B5 (decimal 181)
   defining Unicode char U+00B6 (decimal 182)
   defining Unicode char U+00B7 (decimal 183)
   defining Unicode char U+00B9 (decimal 185)
   defining Unicode char U+00BA (decimal 186)
   defining Unicode char U+00BC (decimal 188)
   defining Unicode char U+00BD (decimal 189)
   defining Unicode char U+00BE (decimal 190)
   defining Unicode char U+00D7 (decimal 215)
   defining Unicode char U+00F7 (decimal 247)
   defining Unicode char U+0192 (decimal 402)
   defining Unicode char U+02C7 (decimal 711)
   defining Unicode char U+02D8 (decimal 728)
   defining Unicode char U+02DD (decimal 733)
   defining Unicode char U+0E3F (decimal 3647)
   defining Unicode char U+2016 (decimal 8214)
   defining Unicode char U+2020 (decimal 8224)
   defining Unicode char U+2021 (decimal 8225)
   defining Unicode char U+2022 (decimal 8226)
   defining Unicode char U+2030 (decimal 8240)
   defining Unicode char U+2031 (decimal 8241)
   defining Unicode char U+203B (decimal 8251)
   defining Unicode char U+203D (decimal 8253)
   defining Unicode char U+2044 (decimal 8260)
   defining Unicode char U+204E (decimal 8270)
   defining Unicode char U+2052 (decimal 8274)
   defining Unicode char U+20A1 (decimal 8353)
   defining Unicode char U+20A4 (decimal 8356)
   defining Unicode char U+20A6 (decimal 8358)
   defining Unicode char U+20A9 (decimal 8361)
   defining Unicode char U+20AB (decimal 8363)
   defining Unicode char U+20AC (decimal 8364)
   defining Unicode char U+20B1 (decimal 8369)
   defining Unicode char U+2103 (decimal 8451)
   defining Unicode char U+2116 (decimal 8470)
   defining Unicode char U+2117 (decimal 8471)
   defining Unicode char U+211E (decimal 8478)
   defining Unicode char U+2120 (decimal 8480)
   defining Unicode char U+2122 (decimal 8482)
   defining Unicode char U+2126 (decimal 8486)
   defining Unicode char U+2127 (decimal 8487)
   defining Unicode char U+212E (decimal 8494)
   defining Unicode char U+2190 (decimal 8592)
   defining Unicode char U+2191 (decimal 8593)
   defining Unicode char U+2192 (decimal 8594)
   defining Unicode char U+2193 (decimal 8595)
   defining Unicode char U+2329 (decimal 9001)
   defining Unicode char U+232A (decimal 9002)
   defining Unicode char U+2422 (decimal 9250)
   defining Unicode char U+25E6 (decimal 9702)
   defining Unicode char U+25EF (decimal 9711)
   defining Unicode char U+266A (decimal 9834)
   defining Unicode char U+FEFF (decimal 65279)
)
(/usr/local/texlive/2018/texmf-dist/tex/latex/translator/translator-basic-dicti
onary-English.dict
Dictionary: translator-basic-dictionary, Language: English 
)
(/usr/local/texlive/2018/texmf-dist/tex/latex/siunitx/siunitx-abbreviations.cfg
File: siunitx-abbreviations.cfg 2017/11/26 v2.7k siunitx: Abbreviated units
)
LaTeX Font Info:    External font `cmex10' loaded for size
(Font)              <12> on input line 32.
LaTeX Font Info:    External font `cmex10' loaded for size
(Font)              <8> on input line 32.
LaTeX Font Info:    External font `cmex10' loaded for size
(Font)              <6> on input line 32.
<crest.pdf, id=1, 426.79451pt x 426.79451pt>
File: crest.pdf Graphic file (type pdf)
<use crest.pdf>
Package pdftex.def Info: crest.pdf  used on input line 41.
(pdftex.def)             Requested size: 113.81102pt x 113.80984pt.
LaTeX Font Info:    External font `cmex10' loaded for size
(Font)              <10.95> on input line 65.


LaTeX Warning: Command \r invalid in math mode on input line 65.

[1

{/usr/local/texlive/2018/texmf-var/fonts/map/pdftex/updmap/pdftex.map} <./crest
.pdf>] (./Report.toc)
\tf@toc=\write5
\openout5 = `Report.toc'.

 [2]
<figures/p-3m1_p0_gs.png, id=19, 987.69pt x 533.995pt>
File: figures/p-3m1_p0_gs.png Graphic file (type png)
<use figures/p-3m1_p0_gs.png>
Package pdftex.def Info: figures/p-3m1_p0_gs.png  used on input line 106.
(pdftex.def)             Requested size: 284.52756pt x 153.82793pt.
<figures/p4_p0_gs.png, id=21, 764.8575pt x 424.58624pt>
File: figures/p4_p0_gs.png Graphic file (type png)
<use figures/p4_p0_gs.png>
Package pdftex.def Info: figures/p4_p0_gs.png  used on input line 114.
(pdftex.def)             Requested size: 284.52756pt x 157.94315pt.


LaTeX Warning: `!h' float specifier changed to `!ht'.

[1 <./figures/p-3m1_p0_gs.png>] [2 <./figures/p4_p0_gs.png>]
<figures/p3m1_p0_supercell_top.png, id=31, 696.6025pt x 391.4625pt>
File: figures/p3m1_p0_supercell_top.png Graphic file (type png)
<use figures/p3m1_p0_supercell_top.png>
Package pdftex.def Info: figures/p3m1_p0_supercell_top.png  used on input line 
153.
(pdftex.def)             Requested size: 199.16928pt x 111.92038pt.
<figures/p3m1_p0_supercell_front.png, id=32, 737.75626pt x 432.61626pt>
File: figures/p3m1_p0_supercell_front.png Graphic file (type png)
<use figures/p3m1_p0_supercell_front.png>
Package pdftex.def Info: figures/p3m1_p0_supercell_front.png  used on input lin
e 158.
(pdftex.def)             Requested size: 199.16928pt x 116.78815pt.
<figures/p4_p200_supercell_above.png, id=33, 714.67pt x 531.9875pt>
File: figures/p4_p200_supercell_above.png Graphic file (type png)
<use figures/p4_p200_supercell_above.png>
Package pdftex.def Info: figures/p4_p200_supercell_above.png  used on input lin
e 171.
(pdftex.def)             Requested size: 199.16928pt x 148.25739pt.
<figures/p4_p200_supercell_side.png, id=34, 704.6325pt x 474.77374pt>
File: figures/p4_p200_supercell_side.png Graphic file (type png)
<use figures/p4_p200_supercell_side.png>
Package pdftex.def Info: figures/p4_p200_supercell_side.png  used on input line
 176.
(pdftex.def)             Requested size: 199.16928pt x 134.19627pt.
 [3 <./figures/p3m1_p0_supercell_top.png> <./figures/p3m1_p0_supercell_front.pn
g> <./figures/p4_p200_supercell_above.png> <./figures/p4_p200_supercell_side.pn
g>] [4]
LaTeX Font Info:    External font `cmex10' loaded for size
(Font)              <7> on input line 233.
 [5]
LaTeX Font Info:    Try loading font information for OMS+cmr on input line 261.


(/usr/local/texlive/2018/texmf-dist/tex/latex/base/omscmr.fd
File: omscmr.fd 2014/09/29 v2.5h Standard LaTeX font definitions
)
LaTeX Font Info:    Font shape `OMS/cmr/m/n' in size <12> not available
(Font)              Font shape `OMS/cmsy/m/n' tried instead on input line 261.
<figures/kpointsamp.png, id=55, 294.09875pt x 172.645pt>
File: figures/kpointsamp.png Graphic file (type png)
<use figures/kpointsamp.png>
Package pdftex.def Info: figures/kpointsamp.png  used on input line 276.
(pdftex.def)             Requested size: 284.52756pt x 167.02812pt.
 [6 <./figures/kpointsamp.png>] [7]
<figures/minimag.png, id=63, 445.665pt x 485.815pt>
File: figures/minimag.png Graphic file (type png)
<use figures/minimag.png>
Package pdftex.def Info: figures/minimag.png  used on input line 315.
(pdftex.def)             Requested size: 213.39566pt x 232.61775pt.
 [8 <./figures/minimag.png>] [9]

LaTeX Warning: Command \r invalid in math mode on input line 376.


LaTeX Warning: Command \r invalid in math mode on input line 376.


LaTeX Warning: Command \r invalid in math mode on input line 382.


LaTeX Warning: Command \r invalid in math mode on input line 382.

[10] (/usr/local/texlive/2018/texmf-dist/tex/latex/listings/lstlang1.sty
File: lstlang1.sty 2015/06/04 1.6 listings language file
)
(./Files/MSDP.py
LaTeX Font Info:    Font shape `OMS/cmr/m/n' in size <10> not available
(Font)              Font shape `OMS/cmsy/m/n' tried instead on input line 186.
) [11] (./Files/RDF.py) [12]
<figures/ediff_GS_pvary_ex.png, id=82, 462.528pt x 346.896pt>
File: figures/ediff_GS_pvary_ex.png Graphic file (type png)
<use figures/ediff_GS_pvary_ex.png>
Package pdftex.def Info: figures/ediff_GS_pvary_ex.png  used on input line 456.

(pdftex.def)             Requested size: 227.62204pt x 170.71628pt.
<figures/p3m1_msd_H_p0.png, id=83, 462.528pt x 346.896pt>
File: figures/p3m1_msd_H_p0.png Graphic file (type png)
<use figures/p3m1_msd_H_p0.png>
Package pdftex.def Info: figures/p3m1_msd_H_p0.png  used on input line 471.
(pdftex.def)             Requested size: 199.16928pt x 149.37938pt.
<figures/p3m1_msd_H_p50.png, id=84, 462.528pt x 346.896pt>
File: figures/p3m1_msd_H_p50.png Graphic file (type png)
<use figures/p3m1_msd_H_p50.png>
Package pdftex.def Info: figures/p3m1_msd_H_p50.png  used on input line 477.
(pdftex.def)             Requested size: 199.16928pt x 149.37938pt.
<figures/p3m1_msd_H_p100.png, id=85, 462.528pt x 346.896pt>
File: figures/p3m1_msd_H_p100.png Graphic file (type png)
<use figures/p3m1_msd_H_p100.png>
Package pdftex.def Info: figures/p3m1_msd_H_p100.png  used on input line 484.
(pdftex.def)             Requested size: 199.16928pt x 149.37938pt.
<figures/p3m1_msd_H_p200.png, id=86, 462.528pt x 346.896pt>
File: figures/p3m1_msd_H_p200.png Graphic file (type png)
<use figures/p3m1_msd_H_p200.png>
Package pdftex.def Info: figures/p3m1_msd_H_p200.png  used on input line 490.
(pdftex.def)             Requested size: 199.16928pt x 149.37938pt.
<figures/p3m1_msd_H_p300.png, id=87, 462.528pt x 346.896pt>
File: figures/p3m1_msd_H_p300.png Graphic file (type png)
<use figures/p3m1_msd_H_p300.png>
Package pdftex.def Info: figures/p3m1_msd_H_p300.png  used on input line 497.
(pdftex.def)             Requested size: 199.16928pt x 149.37938pt.


LaTeX Warning: `!h' float specifier changed to `!ht'.

[13 <./figures/ediff_GS_pvary_ex.png>]

LaTeX Warning: Command \r invalid in math mode on input line 507.


LaTeX Warning: Command \r invalid in math mode on input line 507.

[14 <./figures/p3m1_msd_H_p0.png> <./figures/p3m1_msd_H_p50.png> <./figures/p3m
1_msd_H_p100.png> <./figures/p3m1_msd_H_p200.png> <./figures/p3m1_msd_H_p300.pn
g>]

LaTeX Warning: Command \r invalid in math mode on input line 515.


LaTeX Warning: Command \r invalid in math mode on input line 521.

<figures/p4_msd_H_p200.png, id=100, 462.528pt x 346.896pt>
File: figures/p4_msd_H_p200.png Graphic file (type png)
<use figures/p4_msd_H_p200.png>
Package pdftex.def Info: figures/p4_msd_H_p200.png  used on input line 527.
(pdftex.def)             Requested size: 184.9429pt x 138.7083pt.
<figures/p4_msd_H_p300.png, id=101, 462.528pt x 346.896pt>
File: figures/p4_msd_H_p300.png Graphic file (type png)
<use figures/p4_msd_H_p300.png>
Package pdftex.def Info: figures/p4_msd_H_p300.png  used on input line 533.
(pdftex.def)             Requested size: 184.9429pt x 138.7083pt.
<figures/p4_msd_H_p400.png, id=102, 462.528pt x 346.896pt>
File: figures/p4_msd_H_p400.png Graphic file (type png)
<use figures/p4_msd_H_p400.png>
Package pdftex.def Info: figures/p4_msd_H_p400.png  used on input line 540.
(pdftex.def)             Requested size: 184.9429pt x 138.7083pt.
[15 <./figures/p4_msd_H_p200.png> <./figures/p4_msd_H_p300.png> <./figures/p4_m
sd_H_p400.png>]
<figures/p3_p0_t300_Hdist.png, id=109, 828.09375pt x 572.1375pt>
File: figures/p3_p0_t300_Hdist.png Graphic file (type png)
<use figures/p3_p0_t300_Hdist.png>
Package pdftex.def Info: figures/p3_p0_t300_Hdist.png  used on input line 559.
(pdftex.def)             Requested size: 199.16928pt x 137.6039pt.
<figures/p3_p100_t1800_Hdist.png, id=110, 830.10126pt x 575.14874pt>
File: figures/p3_p100_t1800_Hdist.png Graphic file (type png)
<use figures/p3_p100_t1800_Hdist.png>
Package pdftex.def Info: figures/p3_p100_t1800_Hdist.png  used on input line 56
5.
(pdftex.def)             Requested size: 199.16928pt x 137.99463pt.
<figures/p3_p300_t1800_Hdist.png, id=111, 831.105pt x 581.17125pt>
File: figures/p3_p300_t1800_Hdist.png Graphic file (type png)
<use figures/p3_p300_t1800_Hdist.png>
Package pdftex.def Info: figures/p3_p300_t1800_Hdist.png  used on input line 57
2.
(pdftex.def)             Requested size: 199.16928pt x 139.27112pt.
<figures/p4_p200_t300_Hdist.png, id=112, 792.9625pt x 501.875pt>
File: figures/p4_p200_t300_Hdist.png Graphic file (type png)
<use figures/p4_p200_t300_Hdist.png>
Package pdftex.def Info: figures/p4_p200_t300_Hdist.png  used on input line 579
.
(pdftex.def)             Requested size: 199.16928pt x 126.05045pt.
<figures/p4_p200_t1800_Hdist.png, id=113, 752.8125pt x 483.8075pt>
File: figures/p4_p200_t1800_Hdist.png Graphic file (type png)
<use figures/p4_p200_t1800_Hdist.png>
Package pdftex.def Info: figures/p4_p200_t1800_Hdist.png  used on input line 58
5.
(pdftex.def)             Requested size: 199.16928pt x 128.00166pt.
<figures/p4_p400_t1800_Hdist.png, id=114, 767.86874pt x 473.77pt>
File: figures/p4_p400_t1800_Hdist.png Graphic file (type png)
<use figures/p4_p400_t1800_Hdist.png>
Package pdftex.def Info: figures/p4_p400_t1800_Hdist.png  used on input line 59
2.
(pdftex.def)             Requested size: 199.16928pt x 122.88089pt.


LaTeX Warning: `!h' float specifier changed to `!ht'.

<figures/vmd_p4_p400_t1800.png, id=115, 758.835pt x 622.325pt>
File: figures/vmd_p4_p400_t1800.png Graphic file (type png)
<use figures/vmd_p4_p400_t1800.png>
Package pdftex.def Info: figures/vmd_p4_p400_t1800.png  used on input line 604.

(pdftex.def)             Requested size: 312.9803pt x 256.68373pt.

LaTeX Warning: `!h' float specifier changed to `!ht'.

[16]

LaTeX Warning: Text page 17 contains only floats.


Overfull \vbox (6.04138pt too high) has occurred while \output is active []


[17 <./figures/p3_p0_t300_Hdist.png> <./figures/p3_p100_t1800_Hdist.png> <./fig
ures/p3_p300_t1800_Hdist.png> <./figures/p4_p200_t300_Hdist.png> <./figures/p4_
p200_t1800_Hdist.png> <./figures/p4_p400_t1800_Hdist.png>]
<figures/p3_rdf_p0_t300.png, id=129, 462.528pt x 346.896pt>
File: figures/p3_rdf_p0_t300.png Graphic file (type png)
<use figures/p3_rdf_p0_t300.png>
Package pdftex.def Info: figures/p3_rdf_p0_t300.png  used on input line 620.
(pdftex.def)             Requested size: 156.49014pt x 117.3661pt.

Overfull \hbox (11.53711pt too wide) in paragraph at lines 620--621
 [][] 
 []

<figures/p3_rdf_p100_t1800.png, id=130, 462.528pt x 346.896pt>
File: figures/p3_rdf_p100_t1800.png Graphic file (type png)
<use figures/p3_rdf_p100_t1800.png>
Package pdftex.def Info: figures/p3_rdf_p100_t1800.png  used on input line 626.

(pdftex.def)             Requested size: 156.49014pt x 117.3661pt.

Overfull \hbox (11.53711pt too wide) in paragraph at lines 626--627
 [][] 
 []

<figures/rdfp3p300t1800c100.png, id=131, 462.528pt x 346.896pt>
File: figures/rdfp3p300t1800c100.png Graphic file (type png)
<use figures/rdfp3p300t1800c100.png>
Package pdftex.def Info: figures/rdfp3p300t1800c100.png  used on input line 632
.
(pdftex.def)             Requested size: 156.49014pt x 117.3661pt.

Overfull \hbox (11.53711pt too wide) in paragraph at lines 632--633
 [][] 
 []

<figures/p3_pdf_MgO_p0_t300.png, id=132, 462.528pt x 346.896pt>
File: figures/p3_pdf_MgO_p0_t300.png Graphic file (type png)
<use figures/p3_pdf_MgO_p0_t300.png>
Package pdftex.def Info: figures/p3_pdf_MgO_p0_t300.png  used on input line 639
.
(pdftex.def)             Requested size: 156.49014pt x 117.3661pt.

Overfull \hbox (11.53711pt too wide) in paragraph at lines 639--640
 [][] 
 []

<figures/p3_pdf_MgO_p100_t1800.png, id=133, 462.528pt x 346.896pt>
File: figures/p3_pdf_MgO_p100_t1800.png Graphic file (type png)
<use figures/p3_pdf_MgO_p100_t1800.png>
Package pdftex.def Info: figures/p3_pdf_MgO_p100_t1800.png  used on input line 
645.
(pdftex.def)             Requested size: 156.49014pt x 117.3661pt.

Overfull \hbox (11.53711pt too wide) in paragraph at lines 645--646
 [][] 
 []

<figures/pdfMgOp3p300t1800c100.png, id=134, 462.528pt x 346.896pt>
File: figures/pdfMgOp3p300t1800c100.png Graphic file (type png)
<use figures/pdfMgOp3p300t1800c100.png>
Package pdftex.def Info: figures/pdfMgOp3p300t1800c100.png  used on input line 
651.
(pdftex.def)             Requested size: 156.49014pt x 117.3661pt.

Overfull \hbox (11.53711pt too wide) in paragraph at lines 651--652
 [][] 
 []

<figures/p3_pdf_OH_p0_t300.png, id=135, 462.528pt x 346.896pt>
File: figures/p3_pdf_OH_p0_t300.png Graphic file (type png)
<use figures/p3_pdf_OH_p0_t300.png>
Package pdftex.def Info: figures/p3_pdf_OH_p0_t300.png  used on input line 658.

(pdftex.def)             Requested size: 156.49014pt x 117.3661pt.

Overfull \hbox (11.53711pt too wide) in paragraph at lines 658--659
 [][] 
 []


Underfull \hbox (badness 1221) in paragraph at lines 659--659
[]\OT1/cmr/m/n/10.95 (g) |P$[]$m1 [][] [][] OH
 []

<figures/p3_pdf_OH_p100_t1800.png, id=136, 462.528pt x 346.896pt>
File: figures/p3_pdf_OH_p100_t1800.png Graphic file (type png)
<use figures/p3_pdf_OH_p100_t1800.png>
Package pdftex.def Info: figures/p3_pdf_OH_p100_t1800.png  used on input line 6
64.
(pdftex.def)             Requested size: 156.49014pt x 117.3661pt.

Overfull \hbox (11.53711pt too wide) in paragraph at lines 664--665
 [][] 
 []

<figures/pdfOHp3p300t1800c100.png, id=137, 462.528pt x 346.896pt>
File: figures/pdfOHp3p300t1800c100.png Graphic file (type png)
<use figures/pdfOHp3p300t1800c100.png>
Package pdftex.def Info: figures/pdfOHp3p300t1800c100.png  used on input line 6
70.
(pdftex.def)             Requested size: 156.49014pt x 117.3661pt.

Overfull \hbox (11.53711pt too wide) in paragraph at lines 670--671
 [][] 
 []


LaTeX Warning: `!h' float specifier changed to `!ht'.

<figures/p4_rdf_p200_t300.png, id=138, 462.528pt x 346.896pt>
File: figures/p4_rdf_p200_t300.png Graphic file (type png)
<use figures/p4_rdf_p200_t300.png>
Package pdftex.def Info: figures/p4_rdf_p200_t300.png  used on input line 682.
(pdftex.def)             Requested size: 156.49014pt x 117.3661pt.

Overfull \hbox (11.53711pt too wide) in paragraph at lines 682--683
 [][] 
 []

<figures/p4_rdf_p300_t1800.png, id=139, 462.528pt x 346.896pt>
File: figures/p4_rdf_p300_t1800.png Graphic file (type png)
<use figures/p4_rdf_p300_t1800.png>
Package pdftex.def Info: figures/p4_rdf_p300_t1800.png  used on input line 688.

(pdftex.def)             Requested size: 156.49014pt x 117.3661pt.

Overfull \hbox (11.53711pt too wide) in paragraph at lines 688--689
 [][] 
 []


Underfull \hbox (badness 4713) in paragraph at lines 689--689
[]\OT1/cmr/m/n/10.95 (b) |P$4[]2[]2$ [][] [][]
 []

<figures/p4_rdf_p400_t1800.png, id=140, 462.528pt x 346.896pt>
File: figures/p4_rdf_p400_t1800.png Graphic file (type png)
<use figures/p4_rdf_p400_t1800.png>
Package pdftex.def Info: figures/p4_rdf_p400_t1800.png  used on input line 694.

(pdftex.def)             Requested size: 156.49014pt x 117.3661pt.

Overfull \hbox (11.53711pt too wide) in paragraph at lines 694--695
 [][] 
 []


Underfull \hbox (badness 5637) in paragraph at lines 695--695
[]\OT1/cmr/m/n/10.95 (c) |P$4[]2[]2$ [][] [][]
 []

<figures/p4_pdf_MgO_p200_t300.png, id=141, 462.528pt x 346.896pt>
File: figures/p4_pdf_MgO_p200_t300.png Graphic file (type png)
<use figures/p4_pdf_MgO_p200_t300.png>
Package pdftex.def Info: figures/p4_pdf_MgO_p200_t300.png  used on input line 7
01.
(pdftex.def)             Requested size: 156.49014pt x 117.3661pt.

Overfull \hbox (11.53711pt too wide) in paragraph at lines 701--702
 [][] 
 []

<figures/p4_pdf_MgO_p300_t1800.png, id=142, 462.528pt x 346.896pt>
File: figures/p4_pdf_MgO_p300_t1800.png Graphic file (type png)
<use figures/p4_pdf_MgO_p300_t1800.png>
Package pdftex.def Info: figures/p4_pdf_MgO_p300_t1800.png  used on input line 
707.
(pdftex.def)             Requested size: 156.49014pt x 117.3661pt.

Overfull \hbox (11.53711pt too wide) in paragraph at lines 707--708
 [][] 
 []

<figures/p4_pdf_MgO_p400_t1800.png, id=143, 462.528pt x 346.896pt>
File: figures/p4_pdf_MgO_p400_t1800.png Graphic file (type png)
<use figures/p4_pdf_MgO_p400_t1800.png>
Package pdftex.def Info: figures/p4_pdf_MgO_p400_t1800.png  used on input line 
713.
(pdftex.def)             Requested size: 156.49014pt x 117.3661pt.

Overfull \hbox (11.53711pt too wide) in paragraph at lines 713--714
 [][] 
 []


Underfull \hbox (badness 6204) in paragraph at lines 714--714
[]\OT1/cmr/m/n/10.95 (f) |P$4[]2[]2$ [][] [][]
 []

<figures/p4_pdf_OH_p200_t300.png, id=144, 462.528pt x 346.896pt>
File: figures/p4_pdf_OH_p200_t300.png Graphic file (type png)
<use figures/p4_pdf_OH_p200_t300.png>
Package pdftex.def Info: figures/p4_pdf_OH_p200_t300.png  used on input line 72
0.
(pdftex.def)             Requested size: 156.49014pt x 117.3661pt.

Overfull \hbox (11.53711pt too wide) in paragraph at lines 720--721
 [][] 
 []

<figures/p4_pdf_OH_p300_t1800.png, id=145, 462.528pt x 346.896pt>
File: figures/p4_pdf_OH_p300_t1800.png Graphic file (type png)
<use figures/p4_pdf_OH_p300_t1800.png>
Package pdftex.def Info: figures/p4_pdf_OH_p300_t1800.png  used on input line 7
26.
(pdftex.def)             Requested size: 156.49014pt x 117.3661pt.

Overfull \hbox (11.53711pt too wide) in paragraph at lines 726--727
 [][] 
 []

<figures/p4_pdf_OH_p400_t1800.png, id=146, 462.528pt x 346.896pt>
File: figures/p4_pdf_OH_p400_t1800.png Graphic file (type png)
<use figures/p4_pdf_OH_p400_t1800.png>
Package pdftex.def Info: figures/p4_pdf_OH_p400_t1800.png  used on input line 7
32.
(pdftex.def)             Requested size: 156.49014pt x 117.3661pt.

Overfull \hbox (11.53711pt too wide) in paragraph at lines 732--733
 [][] 
 []


LaTeX Warning: `!h' float specifier changed to `!ht'.

[18 <./figures/vmd_p4_p400_t1800.png>]
<figures/PT_graph.png, id=151, 462.528pt x 346.896pt>
File: figures/PT_graph.png Graphic file (type png)
<use figures/PT_graph.png>
Package pdftex.def Info: figures/PT_graph.png  used on input line 752.
(pdftex.def)             Requested size: 312.9803pt x 234.74811pt.
 [19 <./figures/p3_rdf_p0_t300.png> <./figures/p3_rdf_p100_t1800.png> <./figure
s/rdfp3p300t1800c100.png> <./figures/p3_pdf_MgO_p0_t300.png> <./figures/p3_pdf_
MgO_p100_t1800.png> <./figures/pdfMgOp3p300t1800c100.png> <./figures/p3_pdf_OH_
p0_t300.png> <./figures/p3_pdf_OH_p100_t1800.png> <./figures/pdfOHp3p300t1800c1
00.png>]

LaTeX Warning: `!h' float specifier changed to `!ht'.

[20 <./figures/p4_rdf_p200_t300.png> <./figures/p4_rdf_p300_t1800.png> <./figur
es/p4_rdf_p400_t1800.png> <./figures/p4_pdf_MgO_p200_t300.png> <./figures/p4_pd
f_MgO_p300_t1800.png> <./figures/p4_pdf_MgO_p400_t1800.png> <./figures/p4_pdf_O
H_p200_t300.png> <./figures/p4_pdf_OH_p300_t1800.png> <./figures/p4_pdf_OH_p400
_t1800.png>] [21 <./figures/PT_graph.png>]

LaTeX Warning: Command \r invalid in math mode on input line 777.

[22]
! Missing $ inserted.
<inserted text> 
                $
l.801 \printbibliography[heading=none]
                                      
I've inserted a begin-math/end-math symbol since I think
you left one out. Proceed, with fingers crossed.

! Missing $ inserted.
<inserted text> 
                $
l.801 \printbibliography[heading=none]
                                      
I've inserted something that you may have forgotten.
(See the <inserted text> above.)
With luck, this will get me unwedged. But if you
really didn't forget anything, try typing `2' now; then
my insertion and my current dilemma will both disappear.

! Misplaced alignment tab character &.
<argument> John Wiley &
                        Sons, Ltd
l.801 \printbibliography[heading=none]
                                      
I can't figure out why you would want to use a tab mark
here. If you just want an ampersand, the remedy is
simple: Just type `I\&' now. But if some right brace
up above has ended a previous alignment prematurely,
you're probably due for more error messages, and you
might try typing `S' now just to see what is salvageable.


Overfull \hbox (8.786pt too wide) in paragraph at lines 801--801
[]\OT1/cmr/m/n/12 Engel, E. & Drei-zler, R. M. \OT1/cmr/m/it/12 Den-sity Func-t
ional The-ory: An Ad-vanced Course \OT1/cmr/m/n/12 (Springer
 []

[23]
Overfull \hbox (9.76624pt too wide) in paragraph at lines 801--801
[]\OT1/cmr/m/n/12 Ernzerhof, M. & Scuse-ria, G. E. As-sess-ment of the Perdew{B
urke{Ernzerhof exchange-
 []


Overfull \hbox (19.07112pt too wide) in paragraph at lines 801--801
[]\OT1/cmr/m/n/12 Marsman, M. \OT1/cmr/m/it/12 Sam-pling the Bril-louin Zone $\
OT1/cmtt/m/n/12 https : / / wiki . bnl . gov / CFN -[] Computation /
 []

(./Files/INCAR_so.txt
LaTeX Font Info:    Try loading font information for OML+cmr on input line 14.

(/usr/local/texlive/2018/texmf-dist/tex/latex/base/omlcmr.fd
File: omlcmr.fd 2014/09/29 v2.5h Standard LaTeX font definitions
)
LaTeX Font Info:    Font shape `OML/cmr/m/n' in size <10> not available
(Font)              Font shape `OML/cmm/m/it' tried instead on input line 14.
 [24])
(./Files/INCAR_md.txt)
LaTeX Font Info:    External font `cmex10' loaded for size
(Font)              <14.4> on input line 831.
 (./Files/MSDP.py [25]) (./Files/MSDP.py) [26]
(./optStruc/p3_p0.txt) (./optStruc/p3_p5.txt) (./optStruc/p3_p10.txt)
(./optStruc/p3_p20.txt [27]) (./optStruc/p3_p30.txt) (./optStruc/p4_p20.txt
[28]) (./optStruc/p4_p30.txt) (./optStruc/p4_p40.txt [29]) [30] (./Report.aux)
Package logreq Info: Writing requests to 'Report.run.xml'.
\openout1 = `Report.run.xml'.

 ) 
Here is how much of TeX's memory you used:
 22473 strings out of 492649
 443119 string characters out of 6129621
 914535 words of memory out of 5000000
 26106 multiletter control sequences out of 15000+600000
 542315 words of font info for 65 fonts, out of 8000000 for 9000
 1141 hyphenation exceptions out of 8191
 42i,23n,57p,10392b,1651s stack positions out of 5000i,500n,10000p,200000b,80000s
</usr/local/texlive/2018/texmf-dist/fonts/type1/public/amsfonts/cm/cmbx10.pfb
></usr/local/texlive/2018/texmf-dist/fonts/type1/public/amsfonts/cm/cmbx12.pfb>
</usr/local/texlive/2018/texmf-dist/fonts/type1/public/amsfonts/cm/cmbx8.pfb></
usr/local/texlive/2018/texmf-dist/fonts/type1/public/amsfonts/cm/cmex10.pfb></u
sr/local/texlive/2018/texmf-dist/fonts/type1/public/amsfonts/cm/cmmi10.pfb></us
r/local/texlive/2018/texmf-dist/fonts/type1/public/amsfonts/cm/cmmi12.pfb></usr
/local/texlive/2018/texmf-dist/fonts/type1/public/amsfonts/cm/cmmi8.pfb></usr/l
ocal/texlive/2018/texmf-dist/fonts/type1/public/amsfonts/cm/cmr10.pfb></usr/loc
al/texlive/2018/texmf-dist/fonts/type1/public/amsfonts/cm/cmr12.pfb></usr/local
/texlive/2018/texmf-dist/fonts/type1/public/amsfonts/cm/cmr7.pfb></usr/local/te
xlive/2018/texmf-dist/fonts/type1/public/amsfonts/cm/cmr8.pfb></usr/local/texli
ve/2018/texmf-dist/fonts/type1/public/amsfonts/cm/cmsy10.pfb></usr/local/texliv
e/2018/texmf-dist/fonts/type1/public/amsfonts/cm/cmsy8.pfb></usr/local/texlive/
2018/texmf-dist/fonts/type1/public/amsfonts/cm/cmti12.pfb></usr/local/texlive/2
018/texmf-dist/fonts/type1/public/amsfonts/cm/cmtt12.pfb>
Output written on Report.pdf (32 pages, 8533791 bytes).
PDF statistics:
 258 PDF objects out of 1000 (max. 8388607)
 120 compressed objects within 2 object streams
 0 named destinations out of 1000 (max. 500000)
 221 words of extra memory for PDF output out of 10000 (max. 10000000)

